<?xml version="1.0" encoding="UTF-8"?>
<testsuite xmlns:xsi="http://www.w3.org/2001/XMLSchema-instance" xsi:noNamespaceSchemaLocation="https://maven.apache.org/surefire/maven-surefire-plugin/xsd/surefire-test-report.xsd" version="3.0.2" name="com.exedee.omiga.OmigaApplicationTests" time="9.272" tests="1" errors="0" skipped="0" failures="0">
  <properties>
[...]
</properties>
  <testcase name="contextLoads" classname="com.exedee.omiga.OmigaApplicationTests" time="0.586">
    <system-out><![CDATA[17:03:15.216 [main] INFO org.springframework.test.context.support.AnnotationConfigContextLoaderUtils -- Could not detect default configuration classes for test class [com.exedee.omiga.OmigaApplicationTests]: OmigaApplicationTests does not declare any static, non-private, non-final, nested classes annotated with @Configuration.
17:03:15.389 [main] INFO org.springframework.boot.test.context.SpringBootTestContextBootstrapper -- Found @SpringBootConfiguration com.exedee.omiga.OmigaApplication for test class com.exedee.omiga.OmigaApplicationTests

  .   ____          _            __ _ _
 /\\ / ___'_ __ _ _(_)_ __  __ _ \ \ \ \
( ( )\___ | '_ | '_| | '_ \/ _` | \ \ \ \
 \\/  ___)| |_)| | | | | || (_| |  ) ) ) )
  '  |____| .__|_| |_|_| |_\__, | / / / /
 =========|_|==============|___/=/_/_/_/

 :: Spring Boot ::                (v3.4.4)

2025-07-01T17:03:15.986+12:00  INFO 22904 --- [omiga] [           main] com.exedee.omiga.OmigaApplicationTests   : Starting OmigaApplicationTests using Java 17.0.8 with PID 22904 (started by Huashan.li in C:\work\project\java\omiga\omiga-web)
2025-07-01T17:03:15.986+12:00  INFO 22904 --- [omiga] [           main] com.exedee.omiga.OmigaApplicationTests   : No active profile set, falling back to 1 default profile: "default"
2025-07-01T17:03:17.081+12:00  INFO 22904 --- [omiga] [           main] .s.d.r.c.RepositoryConfigurationDelegate : Bootstrapping Spring Data JPA repositories in DEFAULT mode.
2025-07-01T17:03:17.314+12:00  INFO 22904 --- [omiga] [           main] .s.d.r.c.RepositoryConfigurationDelegate : Finished Spring Data repository scanning in 214 ms. Found 1 JPA repository interface.
2025-07-01T17:03:18.985+12:00  INFO 22904 --- [omiga] [           main] o.hibernate.jpa.internal.util.LogHelper  : HHH000204: Processing PersistenceUnitInfo [name: default]
2025-07-01T17:03:19.106+12:00  INFO 22904 --- [omiga] [           main] org.hibernate.Version                    : HHH000412: Hibernate ORM core version 6.6.11.Final
2025-07-01T17:03:19.174+12:00  INFO 22904 --- [omiga] [           main] o.h.c.internal.RegionFactoryInitiator    : HHH000026: Second-level cache disabled
2025-07-01T17:03:19.391+12:00  INFO 22904 --- [omiga] [           main] com.zaxxer.hikari.HikariDataSource       : HikariPool-1 - Starting...
2025-07-01T17:03:19.675+12:00  INFO 22904 --- [omiga] [           main] com.zaxxer.hikari.pool.HikariPool        : HikariPool-1 - Added connection org.postgresql.jdbc.PgConnection@71262020
2025-07-01T17:03:19.675+12:00  INFO 22904 --- [omiga] [           main] com.zaxxer.hikari.HikariDataSource       : HikariPool-1 - Start completed.
2025-07-01T17:03:19.722+12:00  WARN 22904 --- [omiga] [           main] org.hibernate.orm.deprecation            : HHH90000025: PostgreSQLDialect does not need to be specified explicitly using 'hibernate.dialect' (remove the property setting and it will be selected by default)
2025-07-01T17:03:19.744+12:00  INFO 22904 --- [omiga] [           main] org.hibernate.orm.connections.pooling    : HHH10001005: Database info:
	Database JDBC URL [Connecting through datasource 'HikariDataSource (HikariPool-1)']
	Database driver: undefined/unknown
	Database version: 17.5
	Autocommit mode: undefined/unknown
	Isolation level: undefined/unknown
	Minimum pool size: undefined/unknown
	Maximum pool size: undefined/unknown
2025-07-01T17:03:20.093+12:00  INFO 22904 --- [omiga] [           main] o.s.o.j.p.SpringPersistenceUnitInfo      : No LoadTimeWeaver setup: ignoring JPA class transformer
2025-07-01T17:03:21.192+12:00  INFO 22904 --- [omiga] [           main] o.h.e.t.j.p.i.JtaPlatformInitiator       : HHH000489: No JTA platform available (set 'hibernate.transaction.jta.platform' to enable JTA platform integration)
2025-07-01T17:03:21.245+12:00  INFO 22904 --- [omiga] [           main] j.LocalContainerEntityManagerFactoryBean : Initialized JPA EntityManagerFactory for persistence unit 'default'
2025-07-01T17:03:22.529+12:00  WARN 22904 --- [omiga] [           main] JpaBaseConfiguration$JpaWebConfiguration : spring.jpa.open-in-view is enabled by default. Therefore, database queries may be performed during view rendering. Explicitly configure spring.jpa.open-in-view to disable this warning
2025-07-01T17:03:23.661+12:00  INFO 22904 --- [omiga] [           main] com.exedee.omiga.OmigaApplicationTests   : Started OmigaApplicationTests in 8.044 seconds (process running for 9.33)
]]></system-out>
  </testcase>
</testsuite>